<?xml version="1.0" encoding="UTF-8"?>
<!-- Generated by org.testng.reporters.JUnitReportReporter -->
<testsuite name="com.jbk.UserPageTest" tests="3" time="28.144" ignored="0" failures="0" timestamp="01 Aug 2021 13:18:40 GMT" skipped="0" hostname="DESKTOP-V3SHBSR" errors="0">
  <testcase name="Login" time="15.580" classname="com.jbk.UserPageTest"/>
  <testcase name="userlist" time="2.279" classname="com.jbk.UserPageTest"/>
  <testcase name="TestUserPage" time="10.285" classname="com.jbk.UserPageTest"/>
</testsuite> <!-- com.jbk.UserPageTest -->
