<?xml version="1.0" encoding="UTF-8"?>
<!-- Generated by org.testng.reporters.JUnitReportReporter -->
<testsuite name="com.jbk.DashboardTest" tests="3" time="6.354" ignored="0" failures="0" timestamp="26 Jul 2021 05:05:15 GMT" skipped="0" hostname="DESKTOP-V3SHBSR" errors="0">
  <testcase name="verifyallPages" time="0.252" classname="com.jbk.DashboardTest"/>
  <testcase name="verifyAllcourse" time="2.314" classname="com.jbk.DashboardTest"/>
  <testcase name="Login" time="3.788" classname="com.jbk.DashboardTest"/>
</testsuite> <!-- com.jbk.DashboardTest -->
