<?xml version="1.0" encoding="UTF-8"?>
<!-- Generated by org.testng.reporters.JUnitReportReporter -->
<testsuite name="com.jbk.UserLinkPageTest" tests="2" time="0.958" ignored="0" failures="0" timestamp="23 Jul 2021 17:24:15 GMT" skipped="0" hostname="DESKTOP-V3SHBSR" errors="0">
  <testcase name="Loginpage" time="0.639" classname="com.jbk.UserLinkPageTest"/>
  <testcase name="TablePrint" time="0.319" classname="com.jbk.UserLinkPageTest"/>
</testsuite> <!-- com.jbk.UserLinkPageTest -->
