<?xml version="1.0" encoding="UTF-8"?>
<!-- Generated by org.testng.reporters.JUnitReportReporter -->
<testsuite name="com.jbk.DownloadPageTest" tests="2" time="2.826" ignored="0" failures="0" timestamp="23 Jul 2021 17:40:38 GMT" skipped="0" hostname="DESKTOP-V3SHBSR" errors="0">
  <testcase name="verifyTable" time="1.222" classname="com.jbk.DownloadPageTest"/>
  <testcase name="Login" time="1.604" classname="com.jbk.DownloadPageTest"/>
</testsuite> <!-- com.jbk.DownloadPageTest -->
