<?xml version="1.0" encoding="UTF-8"?>
<!-- Generated by org.testng.reporters.JUnitReportReporter -->
<testsuite name="com.jbk.UserPageexample" tests="1" time="0.651" ignored="0" failures="0" timestamp="01 Aug 2021 15:52:00 GMT" skipped="0" hostname="DESKTOP-V3SHBSR" errors="0">
  <testcase name="drpdwn" time="0.651" classname="com.jbk.UserPageexample"/>
</testsuite> <!-- com.jbk.UserPageexample -->
